<?xml version="1.0" encoding="UTF-8"?>
<testng-results skipped="0" failed="0" ignored="0" total="1" passed="1">
  <reporter-output>
  </reporter-output>
  <suite name="Default suite" duration-ms="33220" started-at="2019-08-31T07:28:23Z" finished-at="2019-08-31T07:28:56Z">
    <groups>
    </groups>
    <test name="Default test" duration-ms="33220" started-at="2019-08-31T07:28:23Z" finished-at="2019-08-31T07:28:56Z">
      <class name="Assignment">
        <test-method status="PASS" signature="openBrowser()[pri:0, instance:Assignment@ea1a8d5]" name="openBrowser" is-config="true" duration-ms="6697" started-at="2019-08-31T07:28:23Z" finished-at="2019-08-31T07:28:29Z">
          <reporter-output>
          </reporter-output>
        </test-method> <!-- openBrowser -->
        <test-method status="PASS" signature="signinEbay()[pri:0, instance:Assignment@ea1a8d5]" name="signinEbay" duration-ms="15797" started-at="2019-08-31T07:28:30Z" finished-at="2019-08-31T07:28:45Z">
          <reporter-output>
          </reporter-output>
        </test-method> <!-- signinEbay -->
        <test-method status="PASS" signature="afterMethod(java.lang.reflect.Method, org.testng.ITestResult)[pri:0, instance:Assignment@ea1a8d5]" name="afterMethod" is-config="true" duration-ms="3" started-at="2019-08-31T07:28:45Z" finished-at="2019-08-31T07:28:45Z">
          <params>
            <param index="0">
              <value>
                <![CDATA[public void Assignment.signinEbay()]]>
              </value>
            </param>
            <param index="1">
              <value>
                <![CDATA[[TestResult name=signinEbay status=SUCCESS method=Assignment.signinEbay()[pri:0, instance:Assignment@ea1a8d5] output={null}]]]>
              </value>
            </param>
          </params>
          <reporter-output>
          </reporter-output>
        </test-method> <!-- afterMethod -->
        <test-method status="PASS" signature="endTest(org.testng.ITestResult)[pri:0, instance:Assignment@ea1a8d5]" name="endTest" is-config="true" duration-ms="2" started-at="2019-08-31T07:28:45Z" finished-at="2019-08-31T07:28:45Z">
          <params>
            <param index="0">
              <value>
                <![CDATA[[TestResult name=signinEbay status=SUCCESS method=Assignment.signinEbay()[pri:0, instance:Assignment@ea1a8d5] output={null}]]]>
              </value>
            </param>
          </params>
          <reporter-output>
          </reporter-output>
        </test-method> <!-- endTest -->
        <test-method status="PASS" signature="closeBrowser()[pri:0, instance:Assignment@ea1a8d5]" name="closeBrowser" is-config="true" duration-ms="10707" started-at="2019-08-31T07:28:45Z" finished-at="2019-08-31T07:28:56Z">
          <reporter-output>
          </reporter-output>
        </test-method> <!-- closeBrowser -->
      </class> <!-- Assignment -->
    </test> <!-- Default test -->
  </suite> <!-- Default suite -->
</testng-results>
